GROUP,PACKAGE,CLASS,INSTRUCTION_MISSED,INSTRUCTION_COVERED,BRANCH_MISSED,BRANCH_COVERED,LINE_MISSED,LINE_COVERED,COMPLEXITY_MISSED,COMPLEXITY_COVERED,METHOD_MISSED,METHOD_COVERED
patient-service,com.demo.spring.controllers,PatientRestController,0,45,0,0,0,10,0,5,0,5
patient-service,com.demo.spring.dto,PatientDTO,0,58,0,0,0,25,0,11,0,11
patient-service,com.demo.spring.entity,Patient,0,58,0,0,0,25,0,11,0,11
patient-service,com.demo.spring.service,PatientService,0,148,0,8,0,32,0,9,0,5
patient-service,com.demo.spring,PatientApplication,5,23,0,0,2,3,1,2,1,2
patient-service,com.demo.spring.exceptions,PatientNotFoundException,0,9,0,0,0,2,0,2,0,2
patient-service,com.demo.spring.util,Message,7,9,0,0,4,4,2,2,2,2
