GROUP,PACKAGE,CLASS,INSTRUCTION_MISSED,INSTRUCTION_COVERED,BRANCH_MISSED,BRANCH_COVERED,LINE_MISSED,LINE_COVERED,COMPLEXITY_MISSED,COMPLEXITY_COVERED,METHOD_MISSED,METHOD_COVERED
patient-service,com.demo.spring.controllers,PatientRestController,0,23,0,0,0,5,0,5,0,5
patient-service,com.demo.spring.dto,PatientDTO,0,31,0,0,0,14,0,9,0,9
patient-service,com.demo.spring.entity,Patient,19,27,0,0,10,10,5,5,5,5
patient-service,com.demo.spring.service,PatientService,0,106,0,8,0,21,0,9,0,5
patient-service,com.demo.spring,PatientApplication,5,23,0,0,2,3,1,2,1,2
patient-service,com.demo.spring.exceptions,PatientNotFoundException,0,9,0,0,0,2,0,2,0,2
patient-service,com.demo.spring.util,Message,7,9,0,0,4,4,2,2,2,2
