<?xml version="1.0" encoding="UTF-8" standalone="yes"?><!DOCTYPE report PUBLIC "-//JACOCO//DTD Report 1.1//EN" "report.dtd"><report name="api-gateway"><sessioninfo id="WKWIN6948332-bcad6c3c" start="1666883277201" dump="1666883303717"/><package name="com/demo/spring/repository"><class name="com/demo/spring/repository/CredentialsRepository" sourcefilename="CredentialsRepository.java"/><sourcefile name="CredentialsRepository.java"/></package><package name="com/demo/spring/dto"><class name="com/demo/spring/dto/CredentialsDTO" sourcefilename="CredentialsDTO.java"><method name="&lt;init&gt;" desc="()V" line="10"><counter type="INSTRUCTION" missed="0" covered="3"/><counter type="LINE" missed="0" covered="2"/><counter type="COMPLEXITY" missed="0" covered="1"/><counter type="METHOD" missed="0" covered="1"/></method><method name="&lt;init&gt;" desc="(Ljava/lang/String;Ljava/lang/String;)V" line="13"><counter type="INSTRUCTION" missed="9" covered="0"/><counter type="LINE" missed="4" covered="0"/><counter type="COMPLEXITY" missed="1" covered="0"/><counter type="METHOD" missed="1" covered="0"/></method><method name="getUserName" desc="()Ljava/lang/String;" line="20"><counter type="INSTRUCTION" missed="0" covered="3"/><counter type="LINE" missed="0" covered="1"/><counter type="COMPLEXITY" missed="0" covered="1"/><counter type="METHOD" missed="0" covered="1"/></method><method name="setUserName" desc="(Ljava/lang/String;)V" line="24"><counter type="INSTRUCTION" missed="0" covered="4"/><counter type="LINE" missed="0" covered="2"/><counter type="COMPLEXITY" missed="0" covered="1"/><counter type="METHOD" missed="0" covered="1"/></method><method name="getPassword" desc="()Ljava/lang/String;" line="28"><counter type="INSTRUCTION" missed="0" covered="3"/><counter type="LINE" missed="0" covered="1"/><counter type="COMPLEXITY" missed="0" covered="1"/><counter type="METHOD" missed="0" covered="1"/></method><method name="setPassword" desc="(Ljava/lang/String;)V" line="32"><counter type="INSTRUCTION" missed="0" covered="4"/><counter type="LINE" missed="0" covered="2"/><counter type="COMPLEXITY" missed="0" covered="1"/><counter type="METHOD" missed="0" covered="1"/></method><counter type="INSTRUCTION" missed="9" covered="17"/><counter type="LINE" missed="4" covered="8"/><counter type="COMPLEXITY" missed="1" covered="5"/><counter type="METHOD" missed="1" covered="5"/><counter type="CLASS" missed="0" covered="1"/></class><sourcefile name="CredentialsDTO.java"><line nr="10" mi="0" ci="2" mb="0" cb="0"/><line nr="11" mi="0" ci="1" mb="0" cb="0"/><line nr="13" mi="2" ci="0" mb="0" cb="0"/><line nr="15" mi="3" ci="0" mb="0" cb="0"/><line nr="16" mi="3" ci="0" mb="0" cb="0"/><line nr="17" mi="1" ci="0" mb="0" cb="0"/><line nr="20" mi="0" ci="3" mb="0" cb="0"/><line nr="24" mi="0" ci="3" mb="0" cb="0"/><line nr="25" mi="0" ci="1" mb="0" cb="0"/><line nr="28" mi="0" ci="3" mb="0" cb="0"/><line nr="32" mi="0" ci="3" mb="0" cb="0"/><line nr="33" mi="0" ci="1" mb="0" cb="0"/><counter type="INSTRUCTION" missed="9" covered="17"/><counter type="LINE" missed="4" covered="8"/><counter type="COMPLEXITY" missed="1" covered="5"/><counter type="METHOD" missed="1" covered="5"/><counter type="CLASS" missed="0" covered="1"/></sourcefile><counter type="INSTRUCTION" missed="9" covered="17"/><counter type="LINE" missed="4" covered="8"/><counter type="COMPLEXITY" missed="1" covered="5"/><counter type="METHOD" missed="1" covered="5"/><counter type="CLASS" missed="0" covered="1"/></package><package name="com/demo/spring/controller"><class name="com/demo/spring/controller/CredentialsController" sourcefilename="CredentialsController.java"><method name="&lt;init&gt;" desc="()V" line="29"><counter type="INSTRUCTION" missed="0" covered="3"/><counter type="LINE" missed="0" covered="1"/><counter type="COMPLEXITY" missed="0" covered="1"/><counter type="METHOD" missed="0" covered="1"/></method><method name="findUserName" desc="(Lcom/demo/spring/dto/CredentialsDTO;)Lorg/springframework/http/ResponseEntity;" line="37"><counter type="INSTRUCTION" missed="0" covered="14"/><counter type="LINE" missed="0" covered="2"/><counter type="COMPLEXITY" missed="0" covered="1"/><counter type="METHOD" missed="0" covered="1"/></method><method name="updatePassword" desc="(Lcom/demo/spring/dto/CredentialsDTO;)Lorg/springframework/http/ResponseEntity;" line="45"><counter type="INSTRUCTION" missed="0" covered="14"/><counter type="LINE" missed="0" covered="2"/><counter type="COMPLEXITY" missed="0" covered="1"/><counter type="METHOD" missed="0" covered="1"/></method><method name="addUser" desc="(Lcom/demo/spring/dto/CredentialsDTO;)Lorg/springframework/http/ResponseEntity;" line="51"><counter type="INSTRUCTION" missed="0" covered="14"/><counter type="LINE" missed="0" covered="2"/><counter type="COMPLEXITY" missed="0" covered="1"/><counter type="METHOD" missed="0" covered="1"/></method><method name="removeUser" desc="(Ljava/lang/String;)Lorg/springframework/http/ResponseEntity;" line="58"><counter type="INSTRUCTION" missed="6" covered="0"/><counter type="LINE" missed="1" covered="0"/><counter type="COMPLEXITY" missed="1" covered="0"/><counter type="METHOD" missed="1" covered="0"/></method><counter type="INSTRUCTION" missed="6" covered="45"/><counter type="LINE" missed="1" covered="7"/><counter type="COMPLEXITY" missed="1" covered="4"/><counter type="METHOD" missed="1" covered="4"/><counter type="CLASS" missed="0" covered="1"/></class><sourcefile name="CredentialsController.java"><line nr="29" mi="0" ci="3" mb="0" cb="0"/><line nr="37" mi="0" ci="8" mb="0" cb="0"/><line nr="38" mi="0" ci="6" mb="0" cb="0"/><line nr="45" mi="0" ci="8" mb="0" cb="0"/><line nr="46" mi="0" ci="6" mb="0" cb="0"/><line nr="51" mi="0" ci="8" mb="0" cb="0"/><line nr="52" mi="0" ci="6" mb="0" cb="0"/><line nr="58" mi="6" ci="0" mb="0" cb="0"/><counter type="INSTRUCTION" missed="6" covered="45"/><counter type="LINE" missed="1" covered="7"/><counter type="COMPLEXITY" missed="1" covered="4"/><counter type="METHOD" missed="1" covered="4"/><counter type="CLASS" missed="0" covered="1"/></sourcefile><counter type="INSTRUCTION" missed="6" covered="45"/><counter type="LINE" missed="1" covered="7"/><counter type="COMPLEXITY" missed="1" covered="4"/><counter type="METHOD" missed="1" covered="4"/><counter type="CLASS" missed="0" covered="1"/></package><package name="com/demo/spring/entity"><class name="com/demo/spring/entity/Credentials" sourcefilename="Credentials.java"><method name="&lt;init&gt;" desc="()V" line="18"><counter type="INSTRUCTION" missed="0" covered="3"/><counter type="LINE" missed="0" covered="2"/><counter type="COMPLEXITY" missed="0" covered="1"/><counter type="METHOD" missed="0" covered="1"/></method><method name="&lt;init&gt;" desc="(Ljava/lang/String;Ljava/lang/String;)V" line="22"><counter type="INSTRUCTION" missed="0" covered="9"/><counter type="LINE" missed="0" covered="4"/><counter type="COMPLEXITY" missed="0" covered="1"/><counter type="METHOD" missed="0" covered="1"/></method><method name="getUserName" desc="()Ljava/lang/String;" line="28"><counter type="INSTRUCTION" missed="0" covered="3"/><counter type="LINE" missed="0" covered="1"/><counter type="COMPLEXITY" missed="0" covered="1"/><counter type="METHOD" missed="0" covered="1"/></method><method name="setUserName" desc="(Ljava/lang/String;)V" line="32"><counter type="INSTRUCTION" missed="0" covered="4"/><counter type="LINE" missed="0" covered="2"/><counter type="COMPLEXITY" missed="0" covered="1"/><counter type="METHOD" missed="0" covered="1"/></method><method name="getPassword" desc="()Ljava/lang/String;" line="36"><counter type="INSTRUCTION" missed="0" covered="3"/><counter type="LINE" missed="0" covered="1"/><counter type="COMPLEXITY" missed="0" covered="1"/><counter type="METHOD" missed="0" covered="1"/></method><method name="setPassword" desc="(Ljava/lang/String;)V" line="40"><counter type="INSTRUCTION" missed="0" covered="4"/><counter type="LINE" missed="0" covered="2"/><counter type="COMPLEXITY" missed="0" covered="1"/><counter type="METHOD" missed="0" covered="1"/></method><counter type="INSTRUCTION" missed="0" covered="26"/><counter type="LINE" missed="0" covered="12"/><counter type="COMPLEXITY" missed="0" covered="6"/><counter type="METHOD" missed="0" covered="6"/><counter type="CLASS" missed="0" covered="1"/></class><sourcefile name="Credentials.java"><line nr="18" mi="0" ci="2" mb="0" cb="0"/><line nr="19" mi="0" ci="1" mb="0" cb="0"/><line nr="22" mi="0" ci="2" mb="0" cb="0"/><line nr="23" mi="0" ci="3" mb="0" cb="0"/><line nr="24" mi="0" ci="3" mb="0" cb="0"/><line nr="25" mi="0" ci="1" mb="0" cb="0"/><line nr="28" mi="0" ci="3" mb="0" cb="0"/><line nr="32" mi="0" ci="3" mb="0" cb="0"/><line nr="33" mi="0" ci="1" mb="0" cb="0"/><line nr="36" mi="0" ci="3" mb="0" cb="0"/><line nr="40" mi="0" ci="3" mb="0" cb="0"/><line nr="41" mi="0" ci="1" mb="0" cb="0"/><counter type="INSTRUCTION" missed="0" covered="26"/><counter type="LINE" missed="0" covered="12"/><counter type="COMPLEXITY" missed="0" covered="6"/><counter type="METHOD" missed="0" covered="6"/><counter type="CLASS" missed="0" covered="1"/></sourcefile><counter type="INSTRUCTION" missed="0" covered="26"/><counter type="LINE" missed="0" covered="12"/><counter type="COMPLEXITY" missed="0" covered="6"/><counter type="METHOD" missed="0" covered="6"/><counter type="CLASS" missed="0" covered="1"/></package><package name="com/demo/spring"><class name="com/demo/spring/ServerConfiguration" sourcefilename="ServerConfiguration.java"><method name="&lt;init&gt;" desc="()V" line="6"><counter type="INSTRUCTION" missed="0" covered="12"/><counter type="LINE" missed="0" covered="4"/><counter type="COMPLEXITY" missed="0" covered="1"/><counter type="METHOD" missed="0" covered="1"/></method><method name="getPatientServer" desc="()Ljava/lang/String;" line="13"><counter type="INSTRUCTION" missed="0" covered="3"/><counter type="LINE" missed="0" covered="1"/><counter type="COMPLEXITY" missed="0" covered="1"/><counter type="METHOD" missed="0" covered="1"/></method><method name="setPatientServer" desc="(Ljava/lang/String;)V" line="17"><counter type="INSTRUCTION" missed="0" covered="4"/><counter type="LINE" missed="0" covered="2"/><counter type="COMPLEXITY" missed="0" covered="1"/><counter type="METHOD" missed="0" covered="1"/></method><method name="getAppointmentServer" desc="()Ljava/lang/String;" line="21"><counter type="INSTRUCTION" missed="0" covered="3"/><counter type="LINE" missed="0" covered="1"/><counter type="COMPLEXITY" missed="0" covered="1"/><counter type="METHOD" missed="0" covered="1"/></method><method name="setAppointmentServer" desc="(Ljava/lang/String;)V" line="25"><counter type="INSTRUCTION" missed="4" covered="0"/><counter type="LINE" missed="2" covered="0"/><counter type="COMPLEXITY" missed="1" covered="0"/><counter type="METHOD" missed="1" covered="0"/></method><method name="getClinicServer" desc="()Ljava/lang/String;" line="29"><counter type="INSTRUCTION" missed="0" covered="3"/><counter type="LINE" missed="0" covered="1"/><counter type="COMPLEXITY" missed="0" covered="1"/><counter type="METHOD" missed="0" covered="1"/></method><method name="setClinicServer" desc="(Ljava/lang/String;)V" line="33"><counter type="INSTRUCTION" missed="0" covered="4"/><counter type="LINE" missed="0" covered="2"/><counter type="COMPLEXITY" missed="0" covered="1"/><counter type="METHOD" missed="0" covered="1"/></method><counter type="INSTRUCTION" missed="4" covered="29"/><counter type="LINE" missed="2" covered="11"/><counter type="COMPLEXITY" missed="1" covered="6"/><counter type="METHOD" missed="1" covered="6"/><counter type="CLASS" missed="0" covered="1"/></class><class name="com/demo/spring/ApiGatewayApplication" sourcefilename="ApiGatewayApplication.java"><method name="&lt;init&gt;" desc="()V" line="16"><counter type="INSTRUCTION" missed="0" covered="3"/><counter type="LINE" missed="0" covered="1"/><counter type="COMPLEXITY" missed="0" covered="1"/><counter type="METHOD" missed="0" covered="1"/></method><method name="main" desc="([Ljava/lang/String;)V" line="18"><counter type="INSTRUCTION" missed="5" covered="0"/><counter type="LINE" missed="2" covered="0"/><counter type="COMPLEXITY" missed="1" covered="0"/><counter type="METHOD" missed="1" covered="0"/></method><method name="myRoutes" desc="(Lorg/springframework/cloud/gateway/route/builder/RouteLocatorBuilder;Lcom/demo/spring/ServerConfiguration;)Lorg/springframework/cloud/gateway/route/RouteLocator;" line="24"><counter type="INSTRUCTION" missed="0" covered="22"/><counter type="LINE" missed="0" covered="6"/><counter type="COMPLEXITY" missed="0" covered="1"/><counter type="METHOD" missed="0" covered="1"/></method><method name="openApiDoc" desc="()Lio/swagger/v3/oas/models/OpenAPI;" line="34"><counter type="INSTRUCTION" missed="0" covered="20"/><counter type="LINE" missed="0" covered="2"/><counter type="COMPLEXITY" missed="0" covered="1"/><counter type="METHOD" missed="0" covered="1"/></method><method name="lambda$myRoutes$2" desc="(Ljava/lang/String;Lorg/springframework/cloud/gateway/route/builder/PredicateSpec;)Lorg/springframework/cloud/gateway/route/builder/Buildable;" line="29"><counter type="INSTRUCTION" missed="0" covered="11"/><counter type="LINE" missed="0" covered="1"/><counter type="COMPLEXITY" missed="0" covered="1"/><counter type="METHOD" missed="0" covered="1"/></method><method name="lambda$myRoutes$1" desc="(Ljava/lang/String;Lorg/springframework/cloud/gateway/route/builder/PredicateSpec;)Lorg/springframework/cloud/gateway/route/builder/Buildable;" line="28"><counter type="INSTRUCTION" missed="0" covered="11"/><counter type="LINE" missed="0" covered="1"/><counter type="COMPLEXITY" missed="0" covered="1"/><counter type="METHOD" missed="0" covered="1"/></method><method name="lambda$myRoutes$0" desc="(Ljava/lang/String;Lorg/springframework/cloud/gateway/route/builder/PredicateSpec;)Lorg/springframework/cloud/gateway/route/builder/Buildable;" line="27"><counter type="INSTRUCTION" missed="0" covered="11"/><counter type="LINE" missed="0" covered="1"/><counter type="COMPLEXITY" missed="0" covered="1"/><counter type="METHOD" missed="0" covered="1"/></method><counter type="INSTRUCTION" missed="5" covered="78"/><counter type="LINE" missed="2" covered="9"/><counter type="COMPLEXITY" missed="1" covered="6"/><counter type="METHOD" missed="1" covered="6"/><counter type="CLASS" missed="0" covered="1"/></class><sourcefile name="ServerConfiguration.java"><line nr="6" mi="0" ci="2" mb="0" cb="0"/><line nr="8" mi="0" ci="3" mb="0" cb="0"/><line nr="9" mi="0" ci="3" mb="0" cb="0"/><line nr="10" mi="0" ci="4" mb="0" cb="0"/><line nr="13" mi="0" ci="3" mb="0" cb="0"/><line nr="17" mi="0" ci="3" mb="0" cb="0"/><line nr="18" mi="0" ci="1" mb="0" cb="0"/><line nr="21" mi="0" ci="3" mb="0" cb="0"/><line nr="25" mi="3" ci="0" mb="0" cb="0"/><line nr="26" mi="1" ci="0" mb="0" cb="0"/><line nr="29" mi="0" ci="3" mb="0" cb="0"/><line nr="33" mi="0" ci="3" mb="0" cb="0"/><line nr="34" mi="0" ci="1" mb="0" cb="0"/><counter type="INSTRUCTION" missed="4" covered="29"/><counter type="LINE" missed="2" covered="11"/><counter type="COMPLEXITY" missed="1" covered="6"/><counter type="METHOD" missed="1" covered="6"/><counter type="CLASS" missed="0" covered="1"/></sourcefile><sourcefile name="ApiGatewayApplication.java"><line nr="16" mi="0" ci="3" mb="0" cb="0"/><line nr="18" mi="4" ci="0" mb="0" cb="0"/><line nr="20" mi="1" ci="0" mb="0" cb="0"/><line nr="24" mi="0" ci="3" mb="0" cb="0"/><line nr="25" mi="0" ci="3" mb="0" cb="0"/><line nr="26" mi="0" ci="3" mb="0" cb="0"/><line nr="27" mi="0" ci="19" mb="0" cb="0"/><line nr="28" mi="0" ci="14" mb="0" cb="0"/><line nr="29" mi="0" ci="13" mb="0" cb="0"/><line nr="34" mi="0" ci="14" mb="0" cb="0"/><line nr="35" mi="0" ci="6" mb="0" cb="0"/><counter type="INSTRUCTION" missed="5" covered="78"/><counter type="LINE" missed="2" covered="9"/><counter type="COMPLEXITY" missed="1" covered="6"/><counter type="METHOD" missed="1" covered="6"/><counter type="CLASS" missed="0" covered="1"/></sourcefile><counter type="INSTRUCTION" missed="9" covered="107"/><counter type="LINE" missed="4" covered="20"/><counter type="COMPLEXITY" missed="2" covered="12"/><counter type="METHOD" missed="2" covered="12"/><counter type="CLASS" missed="0" covered="2"/></package><package name="com/demo/spring/service"><class name="com/demo/spring/service/CredentialsService" sourcefilename="CredentialsService.java"><method name="&lt;init&gt;" desc="()V" line="16"><counter type="INSTRUCTION" missed="0" covered="3"/><counter type="LINE" missed="0" covered="1"/><counter type="COMPLEXITY" missed="0" covered="1"/><counter type="METHOD" missed="0" covered="1"/></method><method name="findUserNameService" desc="(Lcom/demo/spring/entity/Credentials;)Lcom/demo/spring/util/Message;" line="22"><counter type="INSTRUCTION" missed="0" covered="20"/><counter type="BRANCH" missed="0" covered="2"/><counter type="LINE" missed="0" covered="5"/><counter type="COMPLEXITY" missed="0" covered="2"/><counter type="METHOD" missed="0" covered="1"/></method><method name="updateUser" desc="(Lcom/demo/spring/entity/Credentials;)Lcom/demo/spring/util/Message;" line="32"><counter type="INSTRUCTION" missed="0" covered="26"/><counter type="BRANCH" missed="0" covered="2"/><counter type="LINE" missed="0" covered="5"/><counter type="COMPLEXITY" missed="0" covered="2"/><counter type="METHOD" missed="0" covered="1"/></method><method name="addUserService" desc="(Lcom/demo/spring/entity/Credentials;)Lcom/demo/spring/util/Message;" line="42"><counter type="INSTRUCTION" missed="0" covered="20"/><counter type="BRANCH" missed="0" covered="2"/><counter type="LINE" missed="0" covered="4"/><counter type="COMPLEXITY" missed="0" covered="2"/><counter type="METHOD" missed="0" covered="1"/></method><method name="removeUserService" desc="(Ljava/lang/String;)Lcom/demo/spring/util/Message;" line="53"><counter type="INSTRUCTION" missed="21" covered="0"/><counter type="BRANCH" missed="2" covered="0"/><counter type="LINE" missed="5" covered="0"/><counter type="COMPLEXITY" missed="2" covered="0"/><counter type="METHOD" missed="1" covered="0"/></method><counter type="INSTRUCTION" missed="21" covered="69"/><counter type="BRANCH" missed="2" covered="6"/><counter type="LINE" missed="5" covered="15"/><counter type="COMPLEXITY" missed="2" covered="7"/><counter type="METHOD" missed="1" covered="4"/><counter type="CLASS" missed="0" covered="1"/></class><sourcefile name="CredentialsService.java"><line nr="16" mi="0" ci="3" mb="0" cb="0"/><line nr="22" mi="0" ci="7" mb="0" cb="0"/><line nr="23" mi="0" ci="1" mb="0" cb="0"/><line nr="24" mi="0" ci="3" mb="0" cb="2"/><line nr="25" mi="0" ci="4" mb="0" cb="0"/><line nr="27" mi="0" ci="5" mb="0" cb="0"/><line nr="32" mi="0" ci="6" mb="0" cb="0"/><line nr="33" mi="0" ci="3" mb="0" cb="2"/><line nr="34" mi="0" ci="4" mb="0" cb="0"/><line nr="36" mi="0" ci="8" mb="0" cb="0"/><line nr="37" mi="0" ci="5" mb="0" cb="0"/><line nr="42" mi="0" ci="6" mb="0" cb="2"/><line nr="43" mi="0" ci="4" mb="0" cb="0"/><line nr="46" mi="0" ci="5" mb="0" cb="0"/><line nr="47" mi="0" ci="5" mb="0" cb="0"/><line nr="53" mi="5" ci="0" mb="0" cb="0"/><line nr="54" mi="3" ci="0" mb="2" cb="0"/><line nr="55" mi="4" ci="0" mb="0" cb="0"/><line nr="58" mi="4" ci="0" mb="0" cb="0"/><line nr="60" mi="5" ci="0" mb="0" cb="0"/><counter type="INSTRUCTION" missed="21" covered="69"/><counter type="BRANCH" missed="2" covered="6"/><counter type="LINE" missed="5" covered="15"/><counter type="COMPLEXITY" missed="2" covered="7"/><counter type="METHOD" missed="1" covered="4"/><counter type="CLASS" missed="0" covered="1"/></sourcefile><counter type="INSTRUCTION" missed="21" covered="69"/><counter type="BRANCH" missed="2" covered="6"/><counter type="LINE" missed="5" covered="15"/><counter type="COMPLEXITY" missed="2" covered="7"/><counter type="METHOD" missed="1" covered="4"/><counter type="CLASS" missed="0" covered="1"/></package><package name="com/demo/spring/exception"><class name="com/demo/spring/exception/UserNameExistsException" sourcefilename="UserNameExistsException.java"><method name="&lt;init&gt;" desc="()V" line="9"><counter type="INSTRUCTION" missed="0" covered="3"/><counter type="LINE" missed="0" covered="1"/><counter type="COMPLEXITY" missed="0" covered="1"/><counter type="METHOD" missed="0" covered="1"/></method><method name="userNameExists" desc="(Lcom/demo/spring/exception/UserNameExistsException;)Lorg/springframework/http/ResponseEntity;" line="15"><counter type="INSTRUCTION" missed="0" covered="6"/><counter type="LINE" missed="0" covered="1"/><counter type="COMPLEXITY" missed="0" covered="1"/><counter type="METHOD" missed="0" covered="1"/></method><counter type="INSTRUCTION" missed="0" covered="9"/><counter type="LINE" missed="0" covered="2"/><counter type="COMPLEXITY" missed="0" covered="2"/><counter type="METHOD" missed="0" covered="2"/><counter type="CLASS" missed="0" covered="1"/></class><class name="com/demo/spring/exception/UserNotFoundException" sourcefilename="UserNotFoundException.java"><method name="&lt;init&gt;" desc="()V" line="9"><counter type="INSTRUCTION" missed="0" covered="3"/><counter type="LINE" missed="0" covered="1"/><counter type="COMPLEXITY" missed="0" covered="1"/><counter type="METHOD" missed="0" covered="1"/></method><method name="handleUserNotExistsException" desc="(Lcom/demo/spring/exception/UserNotFoundException;)Lorg/springframework/http/ResponseEntity;" line="15"><counter type="INSTRUCTION" missed="0" covered="6"/><counter type="LINE" missed="0" covered="1"/><counter type="COMPLEXITY" missed="0" covered="1"/><counter type="METHOD" missed="0" covered="1"/></method><counter type="INSTRUCTION" missed="0" covered="9"/><counter type="LINE" missed="0" covered="2"/><counter type="COMPLEXITY" missed="0" covered="2"/><counter type="METHOD" missed="0" covered="2"/><counter type="CLASS" missed="0" covered="1"/></class><sourcefile name="UserNameExistsException.java"><line nr="9" mi="0" ci="3" mb="0" cb="0"/><line nr="15" mi="0" ci="6" mb="0" cb="0"/><counter type="INSTRUCTION" missed="0" covered="9"/><counter type="LINE" missed="0" covered="2"/><counter type="COMPLEXITY" missed="0" covered="2"/><counter type="METHOD" missed="0" covered="2"/><counter type="CLASS" missed="0" covered="1"/></sourcefile><sourcefile name="UserNotFoundException.java"><line nr="9" mi="0" ci="3" mb="0" cb="0"/><line nr="15" mi="0" ci="6" mb="0" cb="0"/><counter type="INSTRUCTION" missed="0" covered="9"/><counter type="LINE" missed="0" covered="2"/><counter type="COMPLEXITY" missed="0" covered="2"/><counter type="METHOD" missed="0" covered="2"/><counter type="CLASS" missed="0" covered="1"/></sourcefile><counter type="INSTRUCTION" missed="0" covered="18"/><counter type="LINE" missed="0" covered="4"/><counter type="COMPLEXITY" missed="0" covered="4"/><counter type="METHOD" missed="0" covered="4"/><counter type="CLASS" missed="0" covered="2"/></package><package name="com/demo/spring/util"><class name="com/demo/spring/util/Message" sourcefilename="Message.java"><method name="&lt;init&gt;" desc="()V" line="7"><counter type="INSTRUCTION" missed="0" covered="3"/><counter type="LINE" missed="0" covered="2"/><counter type="COMPLEXITY" missed="0" covered="1"/><counter type="METHOD" missed="0" covered="1"/></method><method name="&lt;init&gt;" desc="(Ljava/lang/String;)V" line="12"><counter type="INSTRUCTION" missed="0" covered="6"/><counter type="LINE" missed="0" covered="3"/><counter type="COMPLEXITY" missed="0" covered="1"/><counter type="METHOD" missed="0" covered="1"/></method><method name="getStatus" desc="()Ljava/lang/String;" line="17"><counter type="INSTRUCTION" missed="0" covered="3"/><counter type="LINE" missed="0" covered="1"/><counter type="COMPLEXITY" missed="0" covered="1"/><counter type="METHOD" missed="0" covered="1"/></method><method name="setStatus" desc="(Ljava/lang/String;)V" line="21"><counter type="INSTRUCTION" missed="0" covered="4"/><counter type="LINE" missed="0" covered="2"/><counter type="COMPLEXITY" missed="0" covered="1"/><counter type="METHOD" missed="0" covered="1"/></method><counter type="INSTRUCTION" missed="0" covered="16"/><counter type="LINE" missed="0" covered="8"/><counter type="COMPLEXITY" missed="0" covered="4"/><counter type="METHOD" missed="0" covered="4"/><counter type="CLASS" missed="0" covered="1"/></class><sourcefile name="Message.java"><line nr="7" mi="0" ci="2" mb="0" cb="0"/><line nr="9" mi="0" ci="1" mb="0" cb="0"/><line nr="12" mi="0" ci="2" mb="0" cb="0"/><line nr="13" mi="0" ci="3" mb="0" cb="0"/><line nr="14" mi="0" ci="1" mb="0" cb="0"/><line nr="17" mi="0" ci="3" mb="0" cb="0"/><line nr="21" mi="0" ci="3" mb="0" cb="0"/><line nr="22" mi="0" ci="1" mb="0" cb="0"/><counter type="INSTRUCTION" missed="0" covered="16"/><counter type="LINE" missed="0" covered="8"/><counter type="COMPLEXITY" missed="0" covered="4"/><counter type="METHOD" missed="0" covered="4"/><counter type="CLASS" missed="0" covered="1"/></sourcefile><counter type="INSTRUCTION" missed="0" covered="16"/><counter type="LINE" missed="0" covered="8"/><counter type="COMPLEXITY" missed="0" covered="4"/><counter type="METHOD" missed="0" covered="4"/><counter type="CLASS" missed="0" covered="1"/></package><counter type="INSTRUCTION" missed="45" covered="298"/><counter type="BRANCH" missed="2" covered="6"/><counter type="LINE" missed="14" covered="74"/><counter type="COMPLEXITY" missed="6" covered="42"/><counter type="METHOD" missed="5" covered="39"/><counter type="CLASS" missed="0" covered="9"/></report>