GROUP,PACKAGE,CLASS,INSTRUCTION_MISSED,INSTRUCTION_COVERED,BRANCH_MISSED,BRANCH_COVERED,LINE_MISSED,LINE_COVERED,COMPLEXITY_MISSED,COMPLEXITY_COVERED,METHOD_MISSED,METHOD_COVERED
appointment-service,com.demo.spring.controllers,AppointmentRestController,0,18,0,0,0,4,0,4,0,4
appointment-service,com.demo.spring.dto,AppointmentDTO,15,31,0,0,6,14,1,9,1,9
appointment-service,com.demo.spring.entity,Appointment,19,27,0,0,10,10,5,5,5,5
appointment-service,com.demo.spring,AppointmentApplication,5,23,0,0,2,3,1,2,1,2
appointment-service,com.demo.spring.service,AppointmentService,0,60,0,4,0,12,0,6,0,4
appointment-service,com.demo.spring.exceptions,AppointmentNotFoundException,0,9,0,0,0,2,0,2,0,2
appointment-service,com.demo.spring.util,Message,7,9,0,0,4,4,2,2,2,2
